<?xml version="1.0" encoding="UTF-8"?>
<!-- Generated by org.testng.reporters.JUnitReportReporter -->
<testsuite skipped="0" hostname="DESKTOP-H1VOJMG" name="automationDemo.DynamicJson" tests="3" failures="0" timestamp="2021-05-25T10:48:58 IST" time="8.533" errors="0">
  <testcase name="addBook" time="0.479" classname="automationDemo.DynamicJson"/>
  <system-out/>
  <testcase name="addBook" time="7.582" classname="automationDemo.DynamicJson"/>
  <system-out/>
  <testcase name="addBook" time="0.472" classname="automationDemo.DynamicJson"/>
  <system-out/>
</testsuite> <!-- automationDemo.DynamicJson -->
